[00:00:00] [Server thread/INFO]: CONSOLE issued server command: /list 
[00:00:00] [Server thread/INFO]: There are 0 out of maximum 2,022 players online.
[00:03:08] [Server thread/INFO]: CONSOLE issued server command: /list 
[00:03:08] [Server thread/INFO]: There are 0 out of maximum 2,022 players online.
[00:06:15] [Server thread/INFO]: CONSOLE issued server command: /list 
[00:06:15] [Server thread/INFO]: There are 0 out of maximum 2,022 players online.
[00:09:22] [Server thread/INFO]: CONSOLE issued server command: /list 
[00:09:22] [Server thread/INFO]: There are 0 out of maximum 2,022 players online.
[00:12:29] [Server thread/INFO]: CONSOLE issued server command: /list 
[00:12:29] [Server thread/INFO]: There are 0 out of maximum 2,022 players online.
[00:15:37] [Server thread/INFO]: CONSOLE issued server command: /list 
[00:15:37] [Server thread/INFO]: There are 0 out of maximum 2,022 players online.
[00:18:44] [Server thread/INFO]: CONSOLE issued server command: /list 
[00:18:44] [Server thread/INFO]: There are 0 out of maximum 2,022 players online.
[00:21:51] [Server thread/INFO]: CONSOLE issued server command: /list 
[00:21:51] [Server thread/INFO]: There are 0 out of maximum 2,022 players online.
[00:24:58] [Server thread/INFO]: CONSOLE issued server command: /list 
[00:24:58] [Server thread/INFO]: There are 0 out of maximum 2,022 players online.
[00:28:06] [Server thread/INFO]: CONSOLE issued server command: /list 
[00:28:06] [Server thread/INFO]: There are 0 out of maximum 2,022 players online.
[00:31:13] [Server thread/INFO]: CONSOLE issued server command: /list 
[00:31:13] [Server thread/INFO]: There are 0 out of maximum 2,022 players online.
[00:34:20] [Server thread/INFO]: CONSOLE issued server command: /list 
[00:34:20] [Server thread/INFO]: There are 0 out of maximum 2,022 players online.
[00:37:27] [Server thread/INFO]: CONSOLE issued server command: /list 
[00:37:27] [Server thread/INFO]: There are 0 out of maximum 2,022 players online.
[00:40:35] [Server thread/INFO]: CONSOLE issued server command: /list 
[00:40:35] [Server thread/INFO]: There are 0 out of maximum 2,022 players online.
[00:43:42] [Server thread/INFO]: CONSOLE issued server command: /list 
[00:43:42] [Server thread/INFO]: There are 0 out of maximum 2,022 players online.
[00:46:49] [Server thread/INFO]: CONSOLE issued server command: /list 
[00:46:49] [Server thread/INFO]: There are 0 out of maximum 2,022 players online.
[00:49:57] [Server thread/INFO]: CONSOLE issued server command: /list 
[00:49:57] [Server thread/INFO]: There are 0 out of maximum 2,022 players online.
[00:53:04] [Server thread/INFO]: CONSOLE issued server command: /list 
[00:53:04] [Server thread/INFO]: There are 0 out of maximum 2,022 players online.
[00:56:11] [Server thread/INFO]: CONSOLE issued server command: /list 
[00:56:11] [Server thread/INFO]: There are 0 out of maximum 2,022 players online.
[00:59:18] [Server thread/INFO]: CONSOLE issued server command: /list 
[00:59:18] [Server thread/INFO]: There are 0 out of maximum 2,022 players online.
[01:02:26] [Server thread/INFO]: CONSOLE issued server command: /list 
[01:02:26] [Server thread/INFO]: There are 0 out of maximum 2,022 players online.
[01:05:33] [Server thread/INFO]: CONSOLE issued server command: /list 
[01:05:33] [Server thread/INFO]: There are 0 out of maximum 2,022 players online.
[01:08:40] [Server thread/INFO]: CONSOLE issued server command: /list 
[01:08:40] [Server thread/INFO]: There are 0 out of maximum 2,022 players online.
[01:11:47] [Server thread/INFO]: CONSOLE issued server command: /list 
[01:11:47] [Server thread/INFO]: There are 0 out of maximum 2,022 players online.
[01:14:55] [Server thread/INFO]: CONSOLE issued server command: /list 
[01:14:55] [Server thread/INFO]: There are 0 out of maximum 2,022 players online.
[01:15:14] [Craft Scheduler Thread - 8681 - Vault/INFO]: [Vault] Checking for Updates ... 
[01:15:14] [Craft Scheduler Thread - 8681 - Vault/INFO]: [Vault] No new version available
[01:18:02] [Server thread/INFO]: CONSOLE issued server command: /list 
[01:18:02] [Server thread/INFO]: There are 0 out of maximum 2,022 players online.
[01:21:09] [Server thread/INFO]: CONSOLE issued server command: /list 
[01:21:09] [Server thread/INFO]: There are 0 out of maximum 2,022 players online.
[01:24:16] [Server thread/INFO]: CONSOLE issued server command: /list 
[01:24:16] [Server thread/INFO]: There are 0 out of maximum 2,022 players online.
[01:27:24] [Server thread/INFO]: CONSOLE issued server command: /list 
[01:27:24] [Server thread/INFO]: There are 0 out of maximum 2,022 players online.
[01:30:31] [Server thread/INFO]: CONSOLE issued server command: /list 
[01:30:31] [Server thread/INFO]: There are 0 out of maximum 2,022 players online.
[01:33:38] [Server thread/INFO]: CONSOLE issued server command: /list 
[01:33:38] [Server thread/INFO]: There are 0 out of maximum 2,022 players online.
[01:36:45] [Server thread/INFO]: CONSOLE issued server command: /list 
[01:36:45] [Server thread/INFO]: There are 0 out of maximum 2,022 players online.
[01:39:53] [Server thread/INFO]: CONSOLE issued server command: /list 
[01:39:53] [Server thread/INFO]: There are 0 out of maximum 2,022 players online.
[01:43:00] [Server thread/INFO]: CONSOLE issued server command: /list 
[01:43:00] [Server thread/INFO]: There are 0 out of maximum 2,022 players online.
[01:46:07] [Server thread/INFO]: CONSOLE issued server command: /list 
[01:46:07] [Server thread/INFO]: There are 0 out of maximum 2,022 players online.
[01:49:14] [Server thread/INFO]: CONSOLE issued server command: /list 
[01:49:14] [Server thread/INFO]: There are 0 out of maximum 2,022 players online.
[01:52:22] [Server thread/INFO]: CONSOLE issued server command: /list 
[01:52:22] [Server thread/INFO]: There are 0 out of maximum 2,022 players online.
[01:55:29] [Server thread/INFO]: CONSOLE issued server command: /list 
[01:55:29] [Server thread/INFO]: There are 0 out of maximum 2,022 players online.
[01:58:36] [Server thread/INFO]: CONSOLE issued server command: /list 
[01:58:36] [Server thread/INFO]: There are 0 out of maximum 2,022 players online.
[02:01:43] [Server thread/INFO]: CONSOLE issued server command: /list 
[02:01:43] [Server thread/INFO]: There are 0 out of maximum 2,022 players online.
[02:04:51] [Server thread/INFO]: CONSOLE issued server command: /list 
[02:04:51] [Server thread/INFO]: There are 0 out of maximum 2,022 players online.
[02:07:58] [Server thread/INFO]: CONSOLE issued server command: /list 
[02:07:58] [Server thread/INFO]: There are 0 out of maximum 2,022 players online.
[02:11:05] [Server thread/INFO]: CONSOLE issued server command: /list 
[02:11:05] [Server thread/INFO]: There are 0 out of maximum 2,022 players online.
[02:14:12] [Server thread/INFO]: CONSOLE issued server command: /list 
[02:14:12] [Server thread/INFO]: There are 0 out of maximum 2,022 players online.
[02:17:20] [Server thread/INFO]: CONSOLE issued server command: /list 
[02:17:20] [Server thread/INFO]: There are 0 out of maximum 2,022 players online.
[02:20:27] [Server thread/INFO]: CONSOLE issued server command: /list 
[02:20:27] [Server thread/INFO]: There are 0 out of maximum 2,022 players online.
[02:23:34] [Server thread/INFO]: CONSOLE issued server command: /list 
[02:23:34] [Server thread/INFO]: There are 0 out of maximum 2,022 players online.
[02:26:41] [Server thread/INFO]: CONSOLE issued server command: /list 
[02:26:41] [Server thread/INFO]: There are 0 out of maximum 2,022 players online.
[02:29:49] [Server thread/INFO]: CONSOLE issued server command: /list 
[02:29:49] [Server thread/INFO]: There are 0 out of maximum 2,022 players online.
[02:32:56] [Server thread/INFO]: CONSOLE issued server command: /list 
[02:32:56] [Server thread/INFO]: There are 0 out of maximum 2,022 players online.
[02:36:03] [Server thread/INFO]: CONSOLE issued server command: /list 
[02:36:03] [Server thread/INFO]: There are 0 out of maximum 2,022 players online.
[02:39:10] [Server thread/INFO]: CONSOLE issued server command: /list 
[02:39:10] [Server thread/INFO]: There are 0 out of maximum 2,022 players online.
[02:42:18] [Server thread/INFO]: CONSOLE issued server command: /list 
[02:42:18] [Server thread/INFO]: There are 0 out of maximum 2,022 players online.
[02:45:25] [Server thread/INFO]: CONSOLE issued server command: /list 
[02:45:25] [Server thread/INFO]: There are 0 out of maximum 2,022 players online.
[02:48:32] [Server thread/INFO]: CONSOLE issued server command: /list 
[02:48:32] [Server thread/INFO]: There are 0 out of maximum 2,022 players online.
[02:51:39] [Server thread/INFO]: CONSOLE issued server command: /list 
[02:51:39] [Server thread/INFO]: There are 0 out of maximum 2,022 players online.
[02:54:47] [Server thread/INFO]: CONSOLE issued server command: /list 
[02:54:47] [Server thread/INFO]: There are 0 out of maximum 2,022 players online.
[02:57:54] [Server thread/INFO]: CONSOLE issued server command: /list 
[02:57:54] [Server thread/INFO]: There are 0 out of maximum 2,022 players online.
[03:01:01] [Server thread/INFO]: CONSOLE issued server command: /list 
[03:01:01] [Server thread/INFO]: There are 0 out of maximum 2,022 players online.
[03:04:08] [Server thread/INFO]: CONSOLE issued server command: /list 
[03:04:08] [Server thread/INFO]: There are 0 out of maximum 2,022 players online.
[03:07:16] [Server thread/INFO]: CONSOLE issued server command: /list 
[03:07:16] [Server thread/INFO]: There are 0 out of maximum 2,022 players online.
[03:10:23] [Server thread/INFO]: CONSOLE issued server command: /list 
[03:10:23] [Server thread/INFO]: There are 0 out of maximum 2,022 players online.
[03:13:30] [Server thread/INFO]: CONSOLE issued server command: /list 
[03:13:30] [Server thread/INFO]: There are 0 out of maximum 2,022 players online.
[03:16:37] [Server thread/INFO]: CONSOLE issued server command: /list 
[03:16:37] [Server thread/INFO]: There are 0 out of maximum 2,022 players online.
[03:19:45] [Server thread/INFO]: CONSOLE issued server command: /list 
[03:19:45] [Server thread/INFO]: There are 0 out of maximum 2,022 players online.
[03:22:52] [Server thread/INFO]: CONSOLE issued server command: /list 
[03:22:52] [Server thread/INFO]: There are 0 out of maximum 2,022 players online.
[03:25:59] [Server thread/INFO]: CONSOLE issued server command: /list 
[03:25:59] [Server thread/INFO]: There are 0 out of maximum 2,022 players online.
[03:29:06] [Server thread/INFO]: CONSOLE issued server command: /list 
[03:29:06] [Server thread/INFO]: There are 0 out of maximum 2,022 players online.
[03:32:14] [Server thread/INFO]: CONSOLE issued server command: /list 
[03:32:14] [Server thread/INFO]: There are 0 out of maximum 2,022 players online.
[03:35:21] [Server thread/INFO]: CONSOLE issued server command: /list 
[03:35:21] [Server thread/INFO]: There are 0 out of maximum 2,022 players online.
[03:38:28] [Server thread/INFO]: CONSOLE issued server command: /list 
[03:38:28] [Server thread/INFO]: There are 0 out of maximum 2,022 players online.
[03:41:36] [Server thread/INFO]: CONSOLE issued server command: /list 
[03:41:36] [Server thread/INFO]: There are 0 out of maximum 2,022 players online.
[03:44:43] [Server thread/INFO]: CONSOLE issued server command: /list 
[03:44:43] [Server thread/INFO]: There are 0 out of maximum 2,022 players online.
[03:47:50] [Server thread/INFO]: CONSOLE issued server command: /list 
[03:47:50] [Server thread/INFO]: There are 0 out of maximum 2,022 players online.
[03:50:57] [Server thread/INFO]: CONSOLE issued server command: /list 
[03:50:57] [Server thread/INFO]: There are 0 out of maximum 2,022 players online.
[03:54:05] [Server thread/INFO]: CONSOLE issued server command: /list 
[03:54:05] [Server thread/INFO]: There are 0 out of maximum 2,022 players online.
[03:57:12] [Server thread/INFO]: CONSOLE issued server command: /list 
[03:57:12] [Server thread/INFO]: There are 0 out of maximum 2,022 players online.
[04:00:19] [Server thread/INFO]: CONSOLE issued server command: /list 
[04:00:19] [Server thread/INFO]: There are 0 out of maximum 2,022 players online.
[04:03:26] [Server thread/INFO]: CONSOLE issued server command: /list 
[04:03:26] [Server thread/INFO]: There are 0 out of maximum 2,022 players online.
[04:06:34] [Server thread/INFO]: CONSOLE issued server command: /list 
[04:06:34] [Server thread/INFO]: There are 0 out of maximum 2,022 players online.
[04:09:41] [Server thread/INFO]: CONSOLE issued server command: /list 
[04:09:41] [Server thread/INFO]: There are 0 out of maximum 2,022 players online.
[04:12:48] [Server thread/INFO]: CONSOLE issued server command: /list 
[04:12:48] [Server thread/INFO]: There are 0 out of maximum 2,022 players online.
[04:15:55] [Server thread/INFO]: CONSOLE issued server command: /list 
[04:15:55] [Server thread/INFO]: There are 0 out of maximum 2,022 players online.
[04:19:03] [Server thread/INFO]: CONSOLE issued server command: /list 
[04:19:03] [Server thread/INFO]: There are 0 out of maximum 2,022 players online.
[04:22:10] [Server thread/INFO]: CONSOLE issued server command: /list 
[04:22:10] [Server thread/INFO]: There are 0 out of maximum 2,022 players online.
[04:25:17] [Server thread/INFO]: CONSOLE issued server command: /list 
[04:25:17] [Server thread/INFO]: There are 0 out of maximum 2,022 players online.
[04:28:24] [Server thread/INFO]: CONSOLE issued server command: /list 
[04:28:24] [Server thread/INFO]: There are 0 out of maximum 2,022 players online.
[04:31:32] [Server thread/INFO]: CONSOLE issued server command: /list 
[04:31:32] [Server thread/INFO]: There are 0 out of maximum 2,022 players online.
[04:34:39] [Server thread/INFO]: CONSOLE issued server command: /list 
[04:34:39] [Server thread/INFO]: There are 0 out of maximum 2,022 players online.
[04:37:46] [Server thread/INFO]: CONSOLE issued server command: /list 
[04:37:46] [Server thread/INFO]: There are 0 out of maximum 2,022 players online.
[04:40:53] [Server thread/INFO]: CONSOLE issued server command: /list 
[04:40:53] [Server thread/INFO]: There are 0 out of maximum 2,022 players online.
[04:44:01] [Server thread/INFO]: CONSOLE issued server command: /list 
[04:44:01] [Server thread/INFO]: There are 0 out of maximum 2,022 players online.
[04:47:08] [Server thread/INFO]: CONSOLE issued server command: /list 
[04:47:08] [Server thread/INFO]: There are 0 out of maximum 2,022 players online.
[04:50:15] [Server thread/INFO]: CONSOLE issued server command: /list 
[04:50:15] [Server thread/INFO]: There are 0 out of maximum 2,022 players online.
[04:53:22] [Server thread/INFO]: CONSOLE issued server command: /list 
[04:53:22] [Server thread/INFO]: There are 0 out of maximum 2,022 players online.
[04:56:30] [Server thread/INFO]: CONSOLE issued server command: /list 
[04:56:30] [Server thread/INFO]: There are 0 out of maximum 2,022 players online.
[04:59:37] [Server thread/INFO]: CONSOLE issued server command: /list 
[04:59:37] [Server thread/INFO]: There are 0 out of maximum 2,022 players online.
[05:02:44] [Server thread/INFO]: CONSOLE issued server command: /list 
[05:02:44] [Server thread/INFO]: There are 0 out of maximum 2,022 players online.
[05:05:51] [Server thread/INFO]: CONSOLE issued server command: /list 
[05:05:51] [Server thread/INFO]: There are 0 out of maximum 2,022 players online.
[05:08:59] [Server thread/INFO]: CONSOLE issued server command: /list 
[05:08:59] [Server thread/INFO]: There are 0 out of maximum 2,022 players online.
[05:12:06] [Server thread/INFO]: CONSOLE issued server command: /list 
[05:12:06] [Server thread/INFO]: There are 0 out of maximum 2,022 players online.
[05:15:13] [Server thread/INFO]: CONSOLE issued server command: /list 
[05:15:13] [Server thread/INFO]: There are 0 out of maximum 2,022 players online.
[05:18:20] [Server thread/INFO]: CONSOLE issued server command: /list 
[05:18:20] [Server thread/INFO]: There are 0 out of maximum 2,022 players online.
[05:21:28] [Server thread/INFO]: CONSOLE issued server command: /list 
[05:21:28] [Server thread/INFO]: There are 0 out of maximum 2,022 players online.
[05:24:35] [Server thread/INFO]: CONSOLE issued server command: /list 
[05:24:35] [Server thread/INFO]: There are 0 out of maximum 2,022 players online.
[05:27:42] [Server thread/INFO]: CONSOLE issued server command: /list 
[05:27:42] [Server thread/INFO]: There are 0 out of maximum 2,022 players online.
[05:30:49] [Server thread/INFO]: CONSOLE issued server command: /list 
[05:30:49] [Server thread/INFO]: There are 0 out of maximum 2,022 players online.
[05:33:57] [Server thread/INFO]: CONSOLE issued server command: /list 
[05:33:57] [Server thread/INFO]: There are 0 out of maximum 2,022 players online.
[05:37:04] [Server thread/INFO]: CONSOLE issued server command: /list 
[05:37:04] [Server thread/INFO]: There are 0 out of maximum 2,022 players online.
[05:40:11] [Server thread/INFO]: CONSOLE issued server command: /list 
[05:40:11] [Server thread/INFO]: There are 0 out of maximum 2,022 players online.
[05:43:18] [Server thread/INFO]: CONSOLE issued server command: /list 
[05:43:18] [Server thread/INFO]: There are 0 out of maximum 2,022 players online.
[05:46:26] [Server thread/INFO]: CONSOLE issued server command: /list 
[05:46:26] [Server thread/INFO]: There are 0 out of maximum 2,022 players online.
[05:49:33] [Server thread/INFO]: CONSOLE issued server command: /list 
[05:49:33] [Server thread/INFO]: There are 0 out of maximum 2,022 players online.
[05:52:40] [Server thread/INFO]: CONSOLE issued server command: /list 
[05:52:40] [Server thread/INFO]: There are 0 out of maximum 2,022 players online.
[05:55:47] [Server thread/INFO]: CONSOLE issued server command: /list 
[05:55:47] [Server thread/INFO]: There are 0 out of maximum 2,022 players online.
[05:58:55] [Server thread/INFO]: CONSOLE issued server command: /list 
[05:58:55] [Server thread/INFO]: There are 0 out of maximum 2,022 players online.
[06:02:02] [Server thread/INFO]: CONSOLE issued server command: /list 
[06:02:02] [Server thread/INFO]: There are 0 out of maximum 2,022 players online.
[06:05:09] [Server thread/INFO]: CONSOLE issued server command: /list 
[06:05:09] [Server thread/INFO]: There are 0 out of maximum 2,022 players online.
[06:08:16] [Server thread/INFO]: CONSOLE issued server command: /list 
[06:08:16] [Server thread/INFO]: There are 0 out of maximum 2,022 players online.
[06:11:24] [Server thread/INFO]: CONSOLE issued server command: /list 
[06:11:24] [Server thread/INFO]: There are 0 out of maximum 2,022 players online.
[06:14:31] [Server thread/INFO]: CONSOLE issued server command: /list 
[06:14:31] [Server thread/INFO]: There are 0 out of maximum 2,022 players online.
[06:17:38] [Server thread/INFO]: CONSOLE issued server command: /list 
[06:17:38] [Server thread/INFO]: There are 0 out of maximum 2,022 players online.
[06:20:45] [Server thread/INFO]: CONSOLE issued server command: /list 
[06:20:45] [Server thread/INFO]: There are 0 out of maximum 2,022 players online.
[06:23:53] [Server thread/INFO]: CONSOLE issued server command: /list 
[06:23:53] [Server thread/INFO]: There are 0 out of maximum 2,022 players online.
[06:27:00] [Server thread/INFO]: CONSOLE issued server command: /list 
[06:27:00] [Server thread/INFO]: There are 0 out of maximum 2,022 players online.
[06:30:07] [Server thread/INFO]: CONSOLE issued server command: /list 
[06:30:07] [Server thread/INFO]: There are 0 out of maximum 2,022 players online.
[06:33:15] [Server thread/INFO]: CONSOLE issued server command: /list 
[06:33:15] [Server thread/INFO]: There are 0 out of maximum 2,022 players online.
[06:36:22] [Server thread/INFO]: CONSOLE issued server command: /list 
[06:36:22] [Server thread/INFO]: There are 0 out of maximum 2,022 players online.
[06:39:29] [Server thread/INFO]: CONSOLE issued server command: /list 
[06:39:29] [Server thread/INFO]: There are 0 out of maximum 2,022 players online.
[06:42:36] [Server thread/INFO]: CONSOLE issued server command: /list 
[06:42:36] [Server thread/INFO]: There are 0 out of maximum 2,022 players online.
[06:45:44] [Server thread/INFO]: CONSOLE issued server command: /list 
[06:45:44] [Server thread/INFO]: There are 0 out of maximum 2,022 players online.
[06:48:51] [Server thread/INFO]: CONSOLE issued server command: /list 
[06:48:51] [Server thread/INFO]: There are 0 out of maximum 2,022 players online.
[06:51:58] [Server thread/INFO]: CONSOLE issued server command: /list 
[06:51:58] [Server thread/INFO]: There are 0 out of maximum 2,022 players online.
[06:55:05] [Server thread/INFO]: CONSOLE issued server command: /list 
[06:55:05] [Server thread/INFO]: There are 0 out of maximum 2,022 players online.
[06:58:13] [Server thread/INFO]: CONSOLE issued server command: /list 
[06:58:13] [Server thread/INFO]: There are 0 out of maximum 2,022 players online.
[07:01:20] [Server thread/INFO]: CONSOLE issued server command: /list 
[07:01:20] [Server thread/INFO]: There are 0 out of maximum 2,022 players online.
[07:04:27] [Server thread/INFO]: CONSOLE issued server command: /list 
[07:04:27] [Server thread/INFO]: There are 0 out of maximum 2,022 players online.
[07:07:34] [Server thread/INFO]: CONSOLE issued server command: /list 
[07:07:34] [Server thread/INFO]: There are 0 out of maximum 2,022 players online.
[07:10:42] [Server thread/INFO]: CONSOLE issued server command: /list 
[07:10:42] [Server thread/INFO]: There are 0 out of maximum 2,022 players online.
[07:13:49] [Server thread/INFO]: CONSOLE issued server command: /list 
[07:13:49] [Server thread/INFO]: There are 0 out of maximum 2,022 players online.
[07:15:14] [Craft Scheduler Thread - 10126 - Vault/INFO]: [Vault] Checking for Updates ... 
[07:15:14] [Craft Scheduler Thread - 10126 - Vault/INFO]: [Vault] No new version available
[07:16:56] [Server thread/INFO]: CONSOLE issued server command: /list 
[07:16:56] [Server thread/INFO]: There are 0 out of maximum 2,022 players online.
[07:20:03] [Server thread/INFO]: CONSOLE issued server command: /list 
[07:20:03] [Server thread/INFO]: There are 0 out of maximum 2,022 players online.
[07:23:11] [Server thread/INFO]: CONSOLE issued server command: /list 
[07:23:11] [Server thread/INFO]: There are 0 out of maximum 2,022 players online.
[07:26:18] [Server thread/INFO]: CONSOLE issued server command: /list 
[07:26:18] [Server thread/INFO]: There are 0 out of maximum 2,022 players online.
[07:29:25] [Server thread/INFO]: CONSOLE issued server command: /list 
[07:29:25] [Server thread/INFO]: There are 0 out of maximum 2,022 players online.
[07:32:32] [Server thread/INFO]: CONSOLE issued server command: /list 
[07:32:32] [Server thread/INFO]: There are 0 out of maximum 2,022 players online.
[07:35:40] [Server thread/INFO]: CONSOLE issued server command: /list 
[07:35:40] [Server thread/INFO]: There are 0 out of maximum 2,022 players online.
[07:38:47] [Server thread/INFO]: CONSOLE issued server command: /list 
[07:38:47] [Server thread/INFO]: There are 0 out of maximum 2,022 players online.
[07:41:54] [Server thread/INFO]: CONSOLE issued server command: /list 
[07:41:54] [Server thread/INFO]: There are 0 out of maximum 2,022 players online.
[07:45:01] [Server thread/INFO]: CONSOLE issued server command: /list 
[07:45:01] [Server thread/INFO]: There are 0 out of maximum 2,022 players online.
[07:48:09] [Server thread/INFO]: CONSOLE issued server command: /list 
[07:48:09] [Server thread/INFO]: There are 0 out of maximum 2,022 players online.
[07:51:16] [Server thread/INFO]: CONSOLE issued server command: /list 
[07:51:16] [Server thread/INFO]: There are 0 out of maximum 2,022 players online.
[07:54:23] [Server thread/INFO]: CONSOLE issued server command: /list 
[07:54:23] [Server thread/INFO]: There are 0 out of maximum 2,022 players online.
[07:57:30] [Server thread/INFO]: CONSOLE issued server command: /list 
[07:57:30] [Server thread/INFO]: There are 0 out of maximum 2,022 players online.
[08:00:38] [Server thread/INFO]: CONSOLE issued server command: /list 
[08:00:38] [Server thread/INFO]: There are 0 out of maximum 2,022 players online.
[08:03:45] [Server thread/INFO]: CONSOLE issued server command: /list 
[08:03:45] [Server thread/INFO]: There are 0 out of maximum 2,022 players online.
[08:06:52] [Server thread/INFO]: CONSOLE issued server command: /list 
[08:06:52] [Server thread/INFO]: There are 0 out of maximum 2,022 players online.
[08:09:59] [Server thread/INFO]: CONSOLE issued server command: /list 
[08:09:59] [Server thread/INFO]: There are 0 out of maximum 2,022 players online.
[08:13:07] [Server thread/INFO]: CONSOLE issued server command: /list 
[08:13:07] [Server thread/INFO]: There are 0 out of maximum 2,022 players online.
[08:16:14] [Server thread/INFO]: CONSOLE issued server command: /list 
[08:16:14] [Server thread/INFO]: There are 0 out of maximum 2,022 players online.
[08:19:21] [Server thread/INFO]: CONSOLE issued server command: /list 
[08:19:21] [Server thread/INFO]: There are 0 out of maximum 2,022 players online.
[08:22:00] [Server thread/INFO]: Automatic saving is now disabled
[08:22:01] [Server thread/INFO]: Automatic saving is now enabled
[08:22:28] [Server thread/INFO]: CONSOLE issued server command: /list 
[08:22:28] [Server thread/INFO]: There are 0 out of maximum 2,022 players online.
[08:25:36] [Server thread/INFO]: CONSOLE issued server command: /list 
[08:25:36] [Server thread/INFO]: There are 0 out of maximum 2,022 players online.
[08:28:43] [Server thread/INFO]: CONSOLE issued server command: /list 
[08:28:43] [Server thread/INFO]: There are 0 out of maximum 2,022 players online.
[08:31:50] [Server thread/INFO]: CONSOLE issued server command: /list 
[08:31:50] [Server thread/INFO]: There are 0 out of maximum 2,022 players online.
[08:34:57] [Server thread/INFO]: CONSOLE issued server command: /list 
[08:34:57] [Server thread/INFO]: There are 0 out of maximum 2,022 players online.
[08:38:05] [Server thread/INFO]: CONSOLE issued server command: /list 
[08:38:05] [Server thread/INFO]: There are 0 out of maximum 2,022 players online.
[08:41:12] [Server thread/INFO]: CONSOLE issued server command: /list 
[08:41:12] [Server thread/INFO]: There are 0 out of maximum 2,022 players online.
[08:44:19] [Server thread/INFO]: CONSOLE issued server command: /list 
[08:44:19] [Server thread/INFO]: There are 0 out of maximum 2,022 players online.
[08:47:26] [Server thread/INFO]: CONSOLE issued server command: /list 
[08:47:26] [Server thread/INFO]: There are 0 out of maximum 2,022 players online.
[08:50:34] [Server thread/INFO]: CONSOLE issued server command: /list 
[08:50:34] [Server thread/INFO]: There are 0 out of maximum 2,022 players online.
[08:53:41] [Server thread/INFO]: CONSOLE issued server command: /list 
[08:53:41] [Server thread/INFO]: There are 0 out of maximum 2,022 players online.
[08:56:48] [Server thread/INFO]: CONSOLE issued server command: /list 
[08:56:48] [Server thread/INFO]: There are 0 out of maximum 2,022 players online.
[08:59:55] [Server thread/INFO]: CONSOLE issued server command: /list 
[08:59:55] [Server thread/INFO]: There are 0 out of maximum 2,022 players online.
[09:03:03] [Server thread/INFO]: CONSOLE issued server command: /list 
[09:03:03] [Server thread/INFO]: There are 0 out of maximum 2,022 players online.
[09:06:10] [Server thread/INFO]: CONSOLE issued server command: /list 
[09:06:10] [Server thread/INFO]: There are 0 out of maximum 2,022 players online.
[09:09:17] [Server thread/INFO]: CONSOLE issued server command: /list 
[09:09:17] [Server thread/INFO]: There are 0 out of maximum 2,022 players online.
[09:12:24] [Server thread/INFO]: CONSOLE issued server command: /list 
[09:12:24] [Server thread/INFO]: There are 0 out of maximum 2,022 players online.
[09:15:32] [Server thread/INFO]: CONSOLE issued server command: /list 
[09:15:32] [Server thread/INFO]: There are 0 out of maximum 2,022 players online.
[09:18:39] [Server thread/INFO]: CONSOLE issued server command: /list 
[09:18:39] [Server thread/INFO]: There are 0 out of maximum 2,022 players online.
[09:21:46] [Server thread/INFO]: CONSOLE issued server command: /list 
[09:21:46] [Server thread/INFO]: There are 0 out of maximum 2,022 players online.
[09:24:53] [Server thread/INFO]: CONSOLE issued server command: /list 
[09:24:53] [Server thread/INFO]: There are 0 out of maximum 2,022 players online.
[09:28:01] [Server thread/INFO]: CONSOLE issued server command: /list 
[09:28:01] [Server thread/INFO]: There are 0 out of maximum 2,022 players online.
[09:31:08] [Server thread/INFO]: CONSOLE issued server command: /list 
[09:31:08] [Server thread/INFO]: There are 0 out of maximum 2,022 players online.
[09:34:15] [Server thread/INFO]: CONSOLE issued server command: /list 
[09:34:15] [Server thread/INFO]: There are 0 out of maximum 2,022 players online.
[09:37:23] [Server thread/INFO]: CONSOLE issued server command: /list 
[09:37:23] [Server thread/INFO]: There are 0 out of maximum 2,022 players online.
[09:40:30] [Server thread/INFO]: CONSOLE issued server command: /list 
[09:40:30] [Server thread/INFO]: There are 0 out of maximum 2,022 players online.
[09:43:37] [Server thread/INFO]: CONSOLE issued server command: /list 
[09:43:37] [Server thread/INFO]: There are 0 out of maximum 2,022 players online.
[09:46:44] [Server thread/INFO]: CONSOLE issued server command: /list 
[09:46:44] [Server thread/INFO]: There are 0 out of maximum 2,022 players online.
[09:49:52] [Server thread/INFO]: CONSOLE issued server command: /list 
[09:49:52] [Server thread/INFO]: There are 0 out of maximum 2,022 players online.
[09:52:59] [Server thread/INFO]: CONSOLE issued server command: /list 
[09:52:59] [Server thread/INFO]: There are 0 out of maximum 2,022 players online.
[09:56:06] [Server thread/INFO]: CONSOLE issued server command: /list 
[09:56:06] [Server thread/INFO]: There are 0 out of maximum 2,022 players online.
[09:59:13] [Server thread/INFO]: CONSOLE issued server command: /list 
[09:59:13] [Server thread/INFO]: There are 0 out of maximum 2,022 players online.
[10:02:21] [Server thread/INFO]: CONSOLE issued server command: /list 
[10:02:21] [Server thread/INFO]: There are 0 out of maximum 2,022 players online.
[10:05:28] [Server thread/INFO]: CONSOLE issued server command: /list 
[10:05:28] [Server thread/INFO]: There are 0 out of maximum 2,022 players online.
[10:08:35] [Server thread/INFO]: CONSOLE issued server command: /list 
[10:08:35] [Server thread/INFO]: There are 0 out of maximum 2,022 players online.
[10:11:42] [Server thread/INFO]: CONSOLE issued server command: /list 
[10:11:42] [Server thread/INFO]: There are 0 out of maximum 2,022 players online.
[10:14:50] [Server thread/INFO]: CONSOLE issued server command: /list 
[10:14:50] [Server thread/INFO]: There are 0 out of maximum 2,022 players online.
[10:17:57] [Server thread/INFO]: CONSOLE issued server command: /list 
[10:17:57] [Server thread/INFO]: There are 0 out of maximum 2,022 players online.
[10:21:04] [Server thread/INFO]: CONSOLE issued server command: /list 
[10:21:04] [Server thread/INFO]: There are 0 out of maximum 2,022 players online.
[10:24:11] [Server thread/INFO]: CONSOLE issued server command: /list 
[10:24:11] [Server thread/INFO]: There are 0 out of maximum 2,022 players online.
[10:27:19] [Server thread/INFO]: CONSOLE issued server command: /list 
[10:27:19] [Server thread/INFO]: There are 0 out of maximum 2,022 players online.
[10:30:26] [Server thread/INFO]: CONSOLE issued server command: /list 
[10:30:26] [Server thread/INFO]: There are 0 out of maximum 2,022 players online.
[10:33:33] [Server thread/INFO]: CONSOLE issued server command: /list 
[10:33:33] [Server thread/INFO]: There are 0 out of maximum 2,022 players online.
[10:36:40] [Server thread/INFO]: CONSOLE issued server command: /list 
[10:36:40] [Server thread/INFO]: There are 0 out of maximum 2,022 players online.
[10:39:48] [Server thread/INFO]: CONSOLE issued server command: /list 
[10:39:48] [Server thread/INFO]: There are 0 out of maximum 2,022 players online.
[10:42:55] [Server thread/INFO]: CONSOLE issued server command: /list 
[10:42:55] [Server thread/INFO]: There are 0 out of maximum 2,022 players online.
[10:46:02] [Server thread/INFO]: CONSOLE issued server command: /list 
[10:46:02] [Server thread/INFO]: There are 0 out of maximum 2,022 players online.
[10:49:09] [Server thread/INFO]: CONSOLE issued server command: /list 
[10:49:09] [Server thread/INFO]: There are 0 out of maximum 2,022 players online.
[10:52:17] [Server thread/INFO]: CONSOLE issued server command: /list 
[10:52:17] [Server thread/INFO]: There are 0 out of maximum 2,022 players online.
[10:55:24] [Server thread/INFO]: CONSOLE issued server command: /list 
[10:55:24] [Server thread/INFO]: There are 0 out of maximum 2,022 players online.
[10:58:31] [Server thread/INFO]: CONSOLE issued server command: /list 
[10:58:31] [Server thread/INFO]: There are 0 out of maximum 2,022 players online.
[11:01:38] [Server thread/INFO]: CONSOLE issued server command: /list 
[11:01:38] [Server thread/INFO]: There are 0 out of maximum 2,022 players online.
[11:04:46] [Server thread/INFO]: CONSOLE issued server command: /list 
[11:04:46] [Server thread/INFO]: There are 0 out of maximum 2,022 players online.
[11:07:53] [Server thread/INFO]: CONSOLE issued server command: /list 
[11:07:53] [Server thread/INFO]: There are 0 out of maximum 2,022 players online.
[11:11:00] [Server thread/INFO]: CONSOLE issued server command: /list 
[11:11:00] [Server thread/INFO]: There are 0 out of maximum 2,022 players online.
[11:14:07] [Server thread/INFO]: CONSOLE issued server command: /list 
[11:14:07] [Server thread/INFO]: There are 0 out of maximum 2,022 players online.
[11:17:15] [Server thread/INFO]: CONSOLE issued server command: /list 
[11:17:15] [Server thread/INFO]: There are 0 out of maximum 2,022 players online.
[11:20:22] [Server thread/INFO]: CONSOLE issued server command: /list 
[11:20:22] [Server thread/INFO]: There are 0 out of maximum 2,022 players online.
[11:23:29] [Server thread/INFO]: CONSOLE issued server command: /list 
[11:23:29] [Server thread/INFO]: There are 0 out of maximum 2,022 players online.
[11:26:36] [Server thread/INFO]: CONSOLE issued server command: /list 
[11:26:36] [Server thread/INFO]: There are 0 out of maximum 2,022 players online.
[11:29:44] [Server thread/INFO]: CONSOLE issued server command: /list 
[11:29:44] [Server thread/INFO]: There are 0 out of maximum 2,022 players online.
[11:32:51] [Server thread/INFO]: CONSOLE issued server command: /list 
[11:32:51] [Server thread/INFO]: There are 0 out of maximum 2,022 players online.
[11:35:58] [Server thread/INFO]: CONSOLE issued server command: /list 
[11:35:58] [Server thread/INFO]: There are 0 out of maximum 2,022 players online.
[11:39:05] [Server thread/INFO]: CONSOLE issued server command: /list 
[11:39:05] [Server thread/INFO]: There are 0 out of maximum 2,022 players online.
[11:42:13] [Server thread/INFO]: CONSOLE issued server command: /list 
[11:42:13] [Server thread/INFO]: There are 0 out of maximum 2,022 players online.
[11:45:20] [Server thread/INFO]: CONSOLE issued server command: /list 
[11:45:20] [Server thread/INFO]: There are 0 out of maximum 2,022 players online.
[11:48:27] [Server thread/INFO]: CONSOLE issued server command: /list 
[11:48:27] [Server thread/INFO]: There are 0 out of maximum 2,022 players online.
[11:51:34] [Server thread/INFO]: CONSOLE issued server command: /list 
[11:51:34] [Server thread/INFO]: There are 0 out of maximum 2,022 players online.
[11:54:42] [Server thread/INFO]: CONSOLE issued server command: /list 
[11:54:42] [Server thread/INFO]: There are 0 out of maximum 2,022 players online.
[11:57:49] [Server thread/INFO]: CONSOLE issued server command: /list 
[11:57:49] [Server thread/INFO]: There are 0 out of maximum 2,022 players online.
[12:00:56] [Server thread/INFO]: CONSOLE issued server command: /list 
[12:00:56] [Server thread/INFO]: There are 0 out of maximum 2,022 players online.
[12:04:03] [Server thread/INFO]: CONSOLE issued server command: /list 
[12:04:03] [Server thread/INFO]: There are 0 out of maximum 2,022 players online.
[12:07:11] [Server thread/INFO]: CONSOLE issued server command: /list 
[12:07:11] [Server thread/INFO]: There are 0 out of maximum 2,022 players online.
[12:10:18] [Server thread/INFO]: CONSOLE issued server command: /list 
[12:10:18] [Server thread/INFO]: There are 0 out of maximum 2,022 players online.
[12:13:25] [Server thread/INFO]: CONSOLE issued server command: /list 
[12:13:25] [Server thread/INFO]: There are 0 out of maximum 2,022 players online.
[12:16:33] [Server thread/INFO]: CONSOLE issued server command: /list 
[12:16:33] [Server thread/INFO]: There are 0 out of maximum 2,022 players online.
[12:19:40] [Server thread/INFO]: CONSOLE issued server command: /list 
[12:19:40] [Server thread/INFO]: There are 0 out of maximum 2,022 players online.
[12:22:47] [Server thread/INFO]: CONSOLE issued server command: /list 
[12:22:47] [Server thread/INFO]: There are 0 out of maximum 2,022 players online.
[12:25:54] [Server thread/INFO]: CONSOLE issued server command: /list 
[12:25:54] [Server thread/INFO]: There are 0 out of maximum 2,022 players online.
[12:29:02] [Server thread/INFO]: CONSOLE issued server command: /list 
[12:29:02] [Server thread/INFO]: There are 0 out of maximum 2,022 players online.
[12:32:09] [Server thread/INFO]: CONSOLE issued server command: /list 
[12:32:09] [Server thread/INFO]: There are 0 out of maximum 2,022 players online.
[12:35:16] [Server thread/INFO]: CONSOLE issued server command: /list 
[12:35:16] [Server thread/INFO]: There are 0 out of maximum 2,022 players online.
[12:38:23] [Server thread/INFO]: CONSOLE issued server command: /list 
[12:38:23] [Server thread/INFO]: There are 0 out of maximum 2,022 players online.
[12:41:31] [Server thread/INFO]: CONSOLE issued server command: /list 
[12:41:31] [Server thread/INFO]: There are 0 out of maximum 2,022 players online.
[12:44:38] [Server thread/INFO]: CONSOLE issued server command: /list 
[12:44:38] [Server thread/INFO]: There are 0 out of maximum 2,022 players online.
[12:47:45] [Server thread/INFO]: CONSOLE issued server command: /list 
[12:47:45] [Server thread/INFO]: There are 0 out of maximum 2,022 players online.
[12:50:52] [Server thread/INFO]: CONSOLE issued server command: /list 
[12:50:52] [Server thread/INFO]: There are 0 out of maximum 2,022 players online.
[12:54:00] [Server thread/INFO]: CONSOLE issued server command: /list 
[12:54:00] [Server thread/INFO]: There are 0 out of maximum 2,022 players online.
[12:57:07] [Server thread/INFO]: CONSOLE issued server command: /list 
[12:57:07] [Server thread/INFO]: There are 0 out of maximum 2,022 players online.
[13:00:14] [Server thread/INFO]: CONSOLE issued server command: /list 
[13:00:14] [Server thread/INFO]: There are 0 out of maximum 2,022 players online.
[13:03:21] [Server thread/INFO]: CONSOLE issued server command: /list 
[13:03:21] [Server thread/INFO]: There are 0 out of maximum 2,022 players online.
[13:06:29] [Server thread/INFO]: CONSOLE issued server command: /list 
[13:06:29] [Server thread/INFO]: There are 0 out of maximum 2,022 players online.
[13:09:36] [Server thread/INFO]: CONSOLE issued server command: /list 
[13:09:36] [Server thread/INFO]: There are 0 out of maximum 2,022 players online.
[13:12:43] [Server thread/INFO]: CONSOLE issued server command: /list 
[13:12:43] [Server thread/INFO]: There are 0 out of maximum 2,022 players online.
[13:15:14] [Craft Scheduler Thread - 11570 - Vault/INFO]: [Vault] Checking for Updates ... 
[13:15:14] [Craft Scheduler Thread - 11569 - GadgetsMenu/INFO]: [GadgetsMenu] Checking for updates...
[13:15:14] [Craft Scheduler Thread - 11570 - Vault/INFO]: [Vault] No new version available
[13:15:14] [Craft Scheduler Thread - 11569 - GadgetsMenu/INFO]: [GadgetsMenu] No update was found, you are running the latest version.
[13:15:50] [Server thread/INFO]: CONSOLE issued server command: /list 
[13:15:50] [Server thread/INFO]: There are 0 out of maximum 2,022 players online.
[13:18:58] [Server thread/INFO]: CONSOLE issued server command: /list 
[13:18:58] [Server thread/INFO]: There are 0 out of maximum 2,022 players online.
[13:22:05] [Server thread/INFO]: CONSOLE issued server command: /list 
[13:22:05] [Server thread/INFO]: There are 0 out of maximum 2,022 players online.
[13:25:12] [Server thread/INFO]: CONSOLE issued server command: /list 
[13:25:12] [Server thread/INFO]: There are 0 out of maximum 2,022 players online.
[13:28:19] [Server thread/INFO]: CONSOLE issued server command: /list 
[13:28:19] [Server thread/INFO]: There are 0 out of maximum 2,022 players online.
[13:31:27] [Server thread/INFO]: CONSOLE issued server command: /list 
[13:31:27] [Server thread/INFO]: There are 0 out of maximum 2,022 players online.
[13:34:34] [Server thread/INFO]: CONSOLE issued server command: /list 
[13:34:34] [Server thread/INFO]: There are 0 out of maximum 2,022 players online.
[13:37:41] [Server thread/INFO]: CONSOLE issued server command: /list 
[13:37:41] [Server thread/INFO]: There are 0 out of maximum 2,022 players online.
[13:40:48] [Server thread/INFO]: CONSOLE issued server command: /list 
[13:40:48] [Server thread/INFO]: There are 0 out of maximum 2,022 players online.
[13:43:56] [Server thread/INFO]: CONSOLE issued server command: /list 
[13:43:56] [Server thread/INFO]: There are 0 out of maximum 2,022 players online.
[13:47:03] [Server thread/INFO]: CONSOLE issued server command: /list 
[13:47:03] [Server thread/INFO]: There are 0 out of maximum 2,022 players online.
[13:50:10] [Server thread/INFO]: CONSOLE issued server command: /list 
[13:50:10] [Server thread/INFO]: There are 0 out of maximum 2,022 players online.
[13:53:17] [Server thread/INFO]: CONSOLE issued server command: /list 
[13:53:17] [Server thread/INFO]: There are 0 out of maximum 2,022 players online.
[13:56:25] [Server thread/INFO]: CONSOLE issued server command: /list 
[13:56:25] [Server thread/INFO]: There are 0 out of maximum 2,022 players online.
[13:59:32] [Server thread/INFO]: CONSOLE issued server command: /list 
[13:59:32] [Server thread/INFO]: There are 0 out of maximum 2,022 players online.
[14:02:39] [Server thread/INFO]: CONSOLE issued server command: /list 
[14:02:39] [Server thread/INFO]: There are 0 out of maximum 2,022 players online.
[14:05:46] [Server thread/INFO]: CONSOLE issued server command: /list 
[14:05:46] [Server thread/INFO]: There are 0 out of maximum 2,022 players online.
[14:08:54] [Server thread/INFO]: CONSOLE issued server command: /list 
[14:08:54] [Server thread/INFO]: There are 0 out of maximum 2,022 players online.
[14:12:01] [Server thread/INFO]: CONSOLE issued server command: /list 
[14:12:01] [Server thread/INFO]: There are 0 out of maximum 2,022 players online.
[14:15:08] [Server thread/INFO]: CONSOLE issued server command: /list 
[14:15:08] [Server thread/INFO]: There are 0 out of maximum 2,022 players online.
[14:18:15] [Server thread/INFO]: CONSOLE issued server command: /list 
[14:18:15] [Server thread/INFO]: There are 0 out of maximum 2,022 players online.
[14:21:23] [Server thread/INFO]: CONSOLE issued server command: /list 
[14:21:23] [Server thread/INFO]: There are 0 out of maximum 2,022 players online.
[14:24:30] [Server thread/INFO]: CONSOLE issued server command: /list 
[14:24:30] [Server thread/INFO]: There are 0 out of maximum 2,022 players online.
[14:27:37] [Server thread/INFO]: CONSOLE issued server command: /list 
[14:27:37] [Server thread/INFO]: There are 0 out of maximum 2,022 players online.
[14:30:44] [Server thread/INFO]: CONSOLE issued server command: /list 
[14:30:44] [Server thread/INFO]: There are 0 out of maximum 2,022 players online.
[14:33:52] [Server thread/INFO]: CONSOLE issued server command: /list 
[14:33:52] [Server thread/INFO]: There are 0 out of maximum 2,022 players online.
[14:36:59] [Server thread/INFO]: CONSOLE issued server command: /list 
[14:36:59] [Server thread/INFO]: There are 0 out of maximum 2,022 players online.
[14:40:06] [Server thread/INFO]: CONSOLE issued server command: /list 
[14:40:06] [Server thread/INFO]: There are 0 out of maximum 2,022 players online.
[14:43:13] [Server thread/INFO]: CONSOLE issued server command: /list 
[14:43:13] [Server thread/INFO]: There are 0 out of maximum 2,022 players online.
[14:46:21] [Server thread/INFO]: CONSOLE issued server command: /list 
[14:46:21] [Server thread/INFO]: There are 0 out of maximum 2,022 players online.
[14:49:28] [Server thread/INFO]: CONSOLE issued server command: /list 
[14:49:28] [Server thread/INFO]: There are 0 out of maximum 2,022 players online.
[14:52:35] [Server thread/INFO]: CONSOLE issued server command: /list 
[14:52:35] [Server thread/INFO]: There are 0 out of maximum 2,022 players online.
[14:55:42] [Server thread/INFO]: CONSOLE issued server command: /list 
[14:55:42] [Server thread/INFO]: There are 0 out of maximum 2,022 players online.
[14:58:50] [Server thread/INFO]: CONSOLE issued server command: /list 
[14:58:50] [Server thread/INFO]: There are 0 out of maximum 2,022 players online.
[15:01:57] [Server thread/INFO]: CONSOLE issued server command: /list 
[15:01:57] [Server thread/INFO]: There are 0 out of maximum 2,022 players online.
[15:05:04] [Server thread/INFO]: CONSOLE issued server command: /list 
[15:05:04] [Server thread/INFO]: There are 0 out of maximum 2,022 players online.
[15:08:11] [Server thread/INFO]: CONSOLE issued server command: /list 
[15:08:11] [Server thread/INFO]: There are 0 out of maximum 2,022 players online.
[15:11:19] [Server thread/INFO]: CONSOLE issued server command: /list 
[15:11:19] [Server thread/INFO]: There are 0 out of maximum 2,022 players online.
[15:14:26] [Server thread/INFO]: CONSOLE issued server command: /list 
[15:14:26] [Server thread/INFO]: There are 0 out of maximum 2,022 players online.
[15:17:33] [Server thread/INFO]: CONSOLE issued server command: /list 
[15:17:33] [Server thread/INFO]: There are 0 out of maximum 2,022 players online.
[15:20:41] [Server thread/INFO]: CONSOLE issued server command: /list 
[15:20:41] [Server thread/INFO]: There are 0 out of maximum 2,022 players online.
[15:23:48] [Server thread/INFO]: CONSOLE issued server command: /list 
[15:23:48] [Server thread/INFO]: There are 0 out of maximum 2,022 players online.
[15:26:55] [Server thread/INFO]: CONSOLE issued server command: /list 
[15:26:55] [Server thread/INFO]: There are 0 out of maximum 2,022 players online.
[15:30:02] [Server thread/INFO]: CONSOLE issued server command: /list 
[15:30:02] [Server thread/INFO]: There are 0 out of maximum 2,022 players online.
[15:33:10] [Server thread/INFO]: CONSOLE issued server command: /list 
[15:33:10] [Server thread/INFO]: There are 0 out of maximum 2,022 players online.
[15:36:17] [Server thread/INFO]: CONSOLE issued server command: /list 
[15:36:17] [Server thread/INFO]: There are 0 out of maximum 2,022 players online.
[15:39:24] [Server thread/INFO]: CONSOLE issued server command: /list 
[15:39:24] [Server thread/INFO]: There are 0 out of maximum 2,022 players online.
[15:42:31] [Server thread/INFO]: CONSOLE issued server command: /list 
[15:42:31] [Server thread/INFO]: There are 0 out of maximum 2,022 players online.
[15:45:39] [Server thread/INFO]: CONSOLE issued server command: /list 
[15:45:39] [Server thread/INFO]: There are 0 out of maximum 2,022 players online.
[15:48:46] [Server thread/INFO]: CONSOLE issued server command: /list 
[15:48:46] [Server thread/INFO]: There are 0 out of maximum 2,022 players online.
[15:51:53] [Server thread/INFO]: CONSOLE issued server command: /list 
[15:51:53] [Server thread/INFO]: There are 0 out of maximum 2,022 players online.
[15:55:00] [Server thread/INFO]: CONSOLE issued server command: /list 
[15:55:00] [Server thread/INFO]: There are 0 out of maximum 2,022 players online.
[15:58:08] [Server thread/INFO]: CONSOLE issued server command: /list 
[15:58:08] [Server thread/INFO]: There are 0 out of maximum 2,022 players online.
[16:01:15] [Server thread/INFO]: CONSOLE issued server command: /list 
[16:01:15] [Server thread/INFO]: There are 0 out of maximum 2,022 players online.
[16:04:22] [Server thread/INFO]: CONSOLE issued server command: /list 
[16:04:22] [Server thread/INFO]: There are 0 out of maximum 2,022 players online.
[16:07:29] [Server thread/INFO]: CONSOLE issued server command: /list 
[16:07:29] [Server thread/INFO]: There are 0 out of maximum 2,022 players online.
[16:10:37] [Server thread/INFO]: CONSOLE issued server command: /list 
[16:10:37] [Server thread/INFO]: There are 0 out of maximum 2,022 players online.
[16:13:44] [Server thread/INFO]: CONSOLE issued server command: /list 
[16:13:44] [Server thread/INFO]: There are 0 out of maximum 2,022 players online.
[16:16:51] [Server thread/INFO]: CONSOLE issued server command: /list 
[16:16:51] [Server thread/INFO]: There are 0 out of maximum 2,022 players online.
[16:19:58] [Server thread/INFO]: CONSOLE issued server command: /list 
[16:19:58] [Server thread/INFO]: There are 0 out of maximum 2,022 players online.
[16:23:06] [Server thread/INFO]: CONSOLE issued server command: /list 
[16:23:06] [Server thread/INFO]: There are 0 out of maximum 2,022 players online.
[16:26:13] [Server thread/INFO]: CONSOLE issued server command: /list 
[16:26:13] [Server thread/INFO]: There are 0 out of maximum 2,022 players online.
[16:29:20] [Server thread/INFO]: CONSOLE issued server command: /list 
[16:29:20] [Server thread/INFO]: There are 0 out of maximum 2,022 players online.
[16:32:27] [Server thread/INFO]: CONSOLE issued server command: /list 
[16:32:27] [Server thread/INFO]: There are 0 out of maximum 2,022 players online.
[16:35:35] [Server thread/INFO]: CONSOLE issued server command: /list 
[16:35:35] [Server thread/INFO]: There are 0 out of maximum 2,022 players online.
[16:38:42] [Server thread/INFO]: CONSOLE issued server command: /list 
[16:38:42] [Server thread/INFO]: There are 0 out of maximum 2,022 players online.
[16:41:49] [Server thread/INFO]: CONSOLE issued server command: /list 
[16:41:49] [Server thread/INFO]: There are 0 out of maximum 2,022 players online.
[16:44:56] [Server thread/INFO]: CONSOLE issued server command: /list 
[16:44:56] [Server thread/INFO]: There are 0 out of maximum 2,022 players online.
[16:48:04] [Server thread/INFO]: CONSOLE issued server command: /list 
[16:48:04] [Server thread/INFO]: There are 0 out of maximum 2,022 players online.
[16:51:11] [Server thread/INFO]: CONSOLE issued server command: /list 
[16:51:11] [Server thread/INFO]: There are 0 out of maximum 2,022 players online.
[16:54:18] [Server thread/INFO]: CONSOLE issued server command: /list 
[16:54:18] [Server thread/INFO]: There are 0 out of maximum 2,022 players online.
[16:57:25] [Server thread/INFO]: CONSOLE issued server command: /list 
[16:57:25] [Server thread/INFO]: There are 0 out of maximum 2,022 players online.
[17:00:33] [Server thread/INFO]: CONSOLE issued server command: /list 
[17:00:33] [Server thread/INFO]: There are 0 out of maximum 2,022 players online.
[17:03:40] [Server thread/INFO]: CONSOLE issued server command: /list 
[17:03:40] [Server thread/INFO]: There are 0 out of maximum 2,022 players online.
[17:06:47] [Server thread/INFO]: CONSOLE issued server command: /list 
[17:06:47] [Server thread/INFO]: There are 0 out of maximum 2,022 players online.
[17:09:54] [Server thread/INFO]: CONSOLE issued server command: /list 
[17:09:54] [Server thread/INFO]: There are 0 out of maximum 2,022 players online.
[17:13:02] [Server thread/INFO]: CONSOLE issued server command: /list 
[17:13:02] [Server thread/INFO]: There are 0 out of maximum 2,022 players online.
[17:16:09] [Server thread/INFO]: CONSOLE issued server command: /list 
[17:16:09] [Server thread/INFO]: There are 0 out of maximum 2,022 players online.
[17:19:16] [Server thread/INFO]: CONSOLE issued server command: /list 
[17:19:16] [Server thread/INFO]: There are 0 out of maximum 2,022 players online.
[17:22:23] [Server thread/INFO]: CONSOLE issued server command: /list 
[17:22:23] [Server thread/INFO]: There are 0 out of maximum 2,022 players online.
[17:25:31] [Server thread/INFO]: CONSOLE issued server command: /list 
[17:25:31] [Server thread/INFO]: There are 0 out of maximum 2,022 players online.
[17:28:38] [Server thread/INFO]: CONSOLE issued server command: /list 
[17:28:38] [Server thread/INFO]: There are 0 out of maximum 2,022 players online.
[17:31:45] [Server thread/INFO]: CONSOLE issued server command: /list 
[17:31:45] [Server thread/INFO]: There are 0 out of maximum 2,022 players online.
[17:34:52] [Server thread/INFO]: CONSOLE issued server command: /list 
[17:34:52] [Server thread/INFO]: There are 0 out of maximum 2,022 players online.
[17:38:00] [Server thread/INFO]: CONSOLE issued server command: /list 
[17:38:00] [Server thread/INFO]: There are 0 out of maximum 2,022 players online.
[17:41:07] [Server thread/INFO]: CONSOLE issued server command: /list 
[17:41:07] [Server thread/INFO]: There are 0 out of maximum 2,022 players online.
[17:44:14] [Server thread/INFO]: CONSOLE issued server command: /list 
[17:44:14] [Server thread/INFO]: There are 0 out of maximum 2,022 players online.
[17:47:21] [Server thread/INFO]: CONSOLE issued server command: /list 
[17:47:21] [Server thread/INFO]: There are 0 out of maximum 2,022 players online.
[17:50:29] [Server thread/INFO]: CONSOLE issued server command: /list 
[17:50:29] [Server thread/INFO]: There are 0 out of maximum 2,022 players online.
[17:53:36] [Server thread/INFO]: CONSOLE issued server command: /list 
[17:53:36] [Server thread/INFO]: There are 0 out of maximum 2,022 players online.
[17:56:43] [Server thread/INFO]: CONSOLE issued server command: /list 
[17:56:43] [Server thread/INFO]: There are 0 out of maximum 2,022 players online.
[17:59:50] [Server thread/INFO]: CONSOLE issued server command: /list 
[17:59:50] [Server thread/INFO]: There are 0 out of maximum 2,022 players online.
[18:02:58] [Server thread/INFO]: CONSOLE issued server command: /list 
[18:02:58] [Server thread/INFO]: There are 0 out of maximum 2,022 players online.
[18:06:05] [Server thread/INFO]: CONSOLE issued server command: /list 
[18:06:05] [Server thread/INFO]: There are 0 out of maximum 2,022 players online.
[18:09:12] [Server thread/INFO]: CONSOLE issued server command: /list 
[18:09:12] [Server thread/INFO]: There are 0 out of maximum 2,022 players online.
[18:12:20] [Server thread/INFO]: CONSOLE issued server command: /list 
[18:12:20] [Server thread/INFO]: There are 0 out of maximum 2,022 players online.
[18:15:27] [Server thread/INFO]: CONSOLE issued server command: /list 
[18:15:27] [Server thread/INFO]: There are 0 out of maximum 2,022 players online.
[18:18:34] [Server thread/INFO]: CONSOLE issued server command: /list 
[18:18:34] [Server thread/INFO]: There are 0 out of maximum 2,022 players online.
[18:21:41] [Server thread/INFO]: CONSOLE issued server command: /list 
[18:21:41] [Server thread/INFO]: There are 0 out of maximum 2,022 players online.
[18:24:49] [Server thread/INFO]: CONSOLE issued server command: /list 
[18:24:49] [Server thread/INFO]: There are 0 out of maximum 2,022 players online.
[18:27:56] [Server thread/INFO]: CONSOLE issued server command: /list 
[18:27:56] [Server thread/INFO]: There are 0 out of maximum 2,022 players online.
[18:31:03] [Server thread/INFO]: CONSOLE issued server command: /list 
[18:31:03] [Server thread/INFO]: There are 0 out of maximum 2,022 players online.
[18:34:10] [Server thread/INFO]: CONSOLE issued server command: /list 
[18:34:10] [Server thread/INFO]: There are 0 out of maximum 2,022 players online.
[18:37:18] [Server thread/INFO]: CONSOLE issued server command: /list 
[18:37:18] [Server thread/INFO]: There are 0 out of maximum 2,022 players online.
[18:40:25] [Server thread/INFO]: CONSOLE issued server command: /list 
[18:40:25] [Server thread/INFO]: There are 0 out of maximum 2,022 players online.
[18:43:32] [Server thread/INFO]: CONSOLE issued server command: /list 
[18:43:32] [Server thread/INFO]: There are 0 out of maximum 2,022 players online.
[18:46:39] [Server thread/INFO]: CONSOLE issued server command: /list 
[18:46:39] [Server thread/INFO]: There are 0 out of maximum 2,022 players online.
[18:49:47] [Server thread/INFO]: CONSOLE issued server command: /list 
[18:49:47] [Server thread/INFO]: There are 0 out of maximum 2,022 players online.
[18:52:54] [Server thread/INFO]: CONSOLE issued server command: /list 
[18:52:54] [Server thread/INFO]: There are 0 out of maximum 2,022 players online.
[18:56:01] [Server thread/INFO]: CONSOLE issued server command: /list 
[18:56:01] [Server thread/INFO]: There are 0 out of maximum 2,022 players online.
[18:59:08] [Server thread/INFO]: CONSOLE issued server command: /list 
[18:59:08] [Server thread/INFO]: There are 0 out of maximum 2,022 players online.
[19:02:16] [Server thread/INFO]: CONSOLE issued server command: /list 
[19:02:16] [Server thread/INFO]: There are 0 out of maximum 2,022 players online.
[19:05:23] [Server thread/INFO]: CONSOLE issued server command: /list 
[19:05:23] [Server thread/INFO]: There are 0 out of maximum 2,022 players online.
[19:08:30] [Server thread/INFO]: CONSOLE issued server command: /list 
[19:08:30] [Server thread/INFO]: There are 0 out of maximum 2,022 players online.
[19:11:37] [Server thread/INFO]: CONSOLE issued server command: /list 
[19:11:37] [Server thread/INFO]: There are 0 out of maximum 2,022 players online.
[19:14:45] [Server thread/INFO]: CONSOLE issued server command: /list 
[19:14:45] [Server thread/INFO]: There are 0 out of maximum 2,022 players online.
[19:15:14] [Craft Scheduler Thread - 13014 - Vault/INFO]: [Vault] Checking for Updates ... 
[19:15:14] [Craft Scheduler Thread - 13014 - Vault/INFO]: [Vault] No new version available
[19:17:52] [Server thread/INFO]: CONSOLE issued server command: /list 
[19:17:52] [Server thread/INFO]: There are 0 out of maximum 2,022 players online.
[19:20:59] [Server thread/INFO]: CONSOLE issued server command: /list 
[19:20:59] [Server thread/INFO]: There are 0 out of maximum 2,022 players online.
[19:24:06] [Server thread/INFO]: CONSOLE issued server command: /list 
[19:24:06] [Server thread/INFO]: There are 0 out of maximum 2,022 players online.
[19:27:14] [Server thread/INFO]: CONSOLE issued server command: /list 
[19:27:14] [Server thread/INFO]: There are 0 out of maximum 2,022 players online.
[19:30:21] [Server thread/INFO]: CONSOLE issued server command: /list 
[19:30:21] [Server thread/INFO]: There are 0 out of maximum 2,022 players online.
[19:33:28] [Server thread/INFO]: CONSOLE issued server command: /list 
[19:33:28] [Server thread/INFO]: There are 0 out of maximum 2,022 players online.
[19:36:35] [Server thread/INFO]: CONSOLE issued server command: /list 
[19:36:35] [Server thread/INFO]: There are 0 out of maximum 2,022 players online.
[19:39:43] [Server thread/INFO]: CONSOLE issued server command: /list 
[19:39:43] [Server thread/INFO]: There are 0 out of maximum 2,022 players online.
[19:42:50] [Server thread/INFO]: CONSOLE issued server command: /list 
[19:42:50] [Server thread/INFO]: There are 0 out of maximum 2,022 players online.
[19:45:57] [Server thread/INFO]: CONSOLE issued server command: /list 
[19:45:57] [Server thread/INFO]: There are 0 out of maximum 2,022 players online.
[19:49:04] [Server thread/INFO]: CONSOLE issued server command: /list 
[19:49:04] [Server thread/INFO]: There are 0 out of maximum 2,022 players online.
[19:52:12] [Server thread/INFO]: CONSOLE issued server command: /list 
[19:52:12] [Server thread/INFO]: There are 0 out of maximum 2,022 players online.
[19:55:19] [Server thread/INFO]: CONSOLE issued server command: /list 
[19:55:19] [Server thread/INFO]: There are 0 out of maximum 2,022 players online.
[19:58:26] [Server thread/INFO]: CONSOLE issued server command: /list 
[19:58:26] [Server thread/INFO]: There are 0 out of maximum 2,022 players online.
[20:01:33] [Server thread/INFO]: CONSOLE issued server command: /list 
[20:01:33] [Server thread/INFO]: There are 0 out of maximum 2,022 players online.
[20:04:41] [Server thread/INFO]: CONSOLE issued server command: /list 
[20:04:41] [Server thread/INFO]: There are 0 out of maximum 2,022 players online.
[20:07:48] [Server thread/INFO]: CONSOLE issued server command: /list 
[20:07:48] [Server thread/INFO]: There are 0 out of maximum 2,022 players online.
[20:10:55] [Server thread/INFO]: CONSOLE issued server command: /list 
[20:10:55] [Server thread/INFO]: There are 0 out of maximum 2,022 players online.
[20:14:02] [Server thread/INFO]: CONSOLE issued server command: /list 
[20:14:02] [Server thread/INFO]: There are 0 out of maximum 2,022 players online.
[20:17:10] [Server thread/INFO]: CONSOLE issued server command: /list 
[20:17:10] [Server thread/INFO]: There are 0 out of maximum 2,022 players online.
[20:20:17] [Server thread/INFO]: CONSOLE issued server command: /list 
[20:20:17] [Server thread/INFO]: There are 0 out of maximum 2,022 players online.
[20:23:24] [Server thread/INFO]: CONSOLE issued server command: /list 
[20:23:24] [Server thread/INFO]: There are 0 out of maximum 2,022 players online.
[20:26:31] [Server thread/INFO]: CONSOLE issued server command: /list 
[20:26:31] [Server thread/INFO]: There are 0 out of maximum 2,022 players online.
